<?xml version="1.0" encoding="UTF-8"?>
<!-- Generated by org.testng.reporters.JUnitXMLReporter -->
<testsuite ignored="0" hostname="DESKTOP-JP71GCP" failures="1" tests="3" name="Test" time="10.066" errors="0" timestamp="2024-06-14T11:56:04 IST">
  <testcase classname="testRunner.SlideTeam_Login_TC_1" name="ST_TC_1" time="6.087">
    <skipped/>
  </testcase> <!-- ST_TC_1 -->
  <testcase classname="testRunner.SlideTeam_Login_TC_1" name="ST_TC_1" time="0.111">
    <skipped/>
  </testcase> <!-- ST_TC_1 -->
  <testcase classname="testRunner.SlideTeam_Login_TC_1" name="ST_TC_1" time="0.035">
    <failure type="java.lang.AssertionError" message="expected [Pricing] but found [PowerPoint Templates | PowerPoint Slides Templates| PPT Themes Presentation]">
      <![CDATA[java.lang.AssertionError: expected [Pricing] but found [PowerPoint Templates | PowerPoint Slides Templates| PPT Themes Presentation]
at pageObjects.SlideTeamHomePageObjects.verifyHomePageTitle(SlideTeamHomePageObjects.java:24)
at testRunner.SlideTeam_Login_TC_1.ST_TC_1(SlideTeam_Login_TC_1.java:28)
at java.base/java.util.ArrayList.forEach(ArrayList.java:1511)
... Removed 33 stack frames]]>
    </failure>
  </testcase> <!-- ST_TC_1 -->
</testsuite> <!-- Test -->
