<?xml version="1.0" encoding="UTF-8"?>
<testng-results ignored="0" total="2" passed="1" failed="1" skipped="0">
  <reporter-output>
  </reporter-output>
  <suite started-at="2024-06-12T09:46:40 IST" name="Suite" finished-at="2024-06-12T09:46:53 IST" duration-ms="12957">
    <groups>
      <group name="Login">
        <method signature="SlideTeam_Login_TC_1.ST_TC_1(java.util.HashMap)[pri:0, instance:testRunner.SlideTeam_Login_TC_1@5b247367]" name="ST_TC_1" class="testRunner.SlideTeam_Login_TC_1"/>
      </group> <!-- Login -->
    </groups>
    <test started-at="2024-06-12T09:46:40 IST" name="Test" finished-at="2024-06-12T09:46:53 IST" duration-ms="12957">
      <class name="testRunner.SlideTeam_Login_TC_1">
        <test-method is-config="true" signature="initializeDriver()[pri:0, instance:testRunner.SlideTeam_Login_TC_1@5b247367]" started-at="2024-06-12T09:46:40 IST" name="initializeDriver" finished-at="2024-06-12T09:46:45 IST" duration-ms="5093" status="PASS">
          <reporter-output>
          </reporter-output>
        </test-method> <!-- initializeDriver -->
        <test-method signature="ST_TC_1(java.util.HashMap)[pri:0, instance:testRunner.SlideTeam_Login_TC_1@5b247367]" started-at="2024-06-12T09:46:46 IST" name="ST_TC_1" data-provider="data" finished-at="2024-06-12T09:46:52 IST" duration-ms="6693" status="PASS">
          <params>
            <param index="0">
              <value>
                <![CDATA[{password=123456, email=testuser27thapril@gmail.com}]]>
              </value>
            </param>
          </params>
          <reporter-output>
          </reporter-output>
        </test-method> <!-- ST_TC_1 -->
        <test-method signature="ST_TC_1(java.util.HashMap)[pri:0, instance:testRunner.SlideTeam_Login_TC_1@5b247367]" started-at="2024-06-12T09:46:52 IST" name="ST_TC_1" data-provider="data" finished-at="2024-06-12T09:46:52 IST" duration-ms="76" status="FAIL">
          <params>
            <param index="0">
              <value>
                <![CDATA[{password=123456, email=testu7565gser27thapril@gmail.com}]]>
              </value>
            </param>
          </params>
          <exception class="java.lang.AssertionError">
            <message>
              <![CDATA[expected [Pricing] but found [PowerPoint Templates | PowerPoint Slides Templates| PPT Themes Presentation]]]>
            </message>
            <full-stacktrace>
              <![CDATA[java.lang.AssertionError: expected [Pricing] but found [PowerPoint Templates | PowerPoint Slides Templates| PPT Themes Presentation]
at org.testng.Assert.fail(Assert.java:111)
at org.testng.Assert.failNotEquals(Assert.java:1578)
at org.testng.Assert.assertEqualsImpl(Assert.java:150)
at org.testng.Assert.assertEquals(Assert.java:132)
at org.testng.Assert.assertEquals(Assert.java:656)
at org.testng.Assert.assertEquals(Assert.java:666)
at pageObjects.SlideTeamHomePageObjects.verifyHomePageTitle(SlideTeamHomePageObjects.java:24)
at testRunner.SlideTeam_Login_TC_1.ST_TC_1(SlideTeam_Login_TC_1.java:24)
at java.base/jdk.internal.reflect.NativeMethodAccessorImpl.invoke0(Native Method)
at java.base/jdk.internal.reflect.NativeMethodAccessorImpl.invoke(NativeMethodAccessorImpl.java:77)
at java.base/jdk.internal.reflect.DelegatingMethodAccessorImpl.invoke(DelegatingMethodAccessorImpl.java:43)
at java.base/java.lang.reflect.Method.invoke(Method.java:568)
at org.testng.internal.invokers.MethodInvocationHelper.invokeMethod(MethodInvocationHelper.java:141)
at org.testng.internal.invokers.TestInvoker.invokeMethod(TestInvoker.java:686)
at org.testng.internal.invokers.TestInvoker.invokeTestMethod(TestInvoker.java:230)
at org.testng.internal.invokers.MethodRunner.runInSequence(MethodRunner.java:63)
at org.testng.internal.invokers.TestInvoker$MethodInvocationAgent.invoke(TestInvoker.java:992)
at org.testng.internal.invokers.TestInvoker.invokeTestMethods(TestInvoker.java:203)
at org.testng.internal.invokers.TestMethodWorker.invokeTestMethods(TestMethodWorker.java:154)
at org.testng.internal.invokers.TestMethodWorker.run(TestMethodWorker.java:134)
at java.base/java.util.ArrayList.forEach(ArrayList.java:1511)
at org.testng.TestRunner.privateRun(TestRunner.java:739)
at org.testng.TestRunner.run(TestRunner.java:614)
at org.testng.SuiteRunner.runTest(SuiteRunner.java:421)
at org.testng.SuiteRunner$SuiteWorker.run(SuiteRunner.java:463)
at org.testng.internal.thread.ThreadUtil.lambda$execute$0(ThreadUtil.java:64)
at java.base/java.util.concurrent.FutureTask.run(FutureTask.java:264)
at java.base/java.util.concurrent.ThreadPoolExecutor.runWorker(ThreadPoolExecutor.java:1136)
at java.base/java.util.concurrent.ThreadPoolExecutor$Worker.run(ThreadPoolExecutor.java:635)
at java.base/java.lang.Thread.run(Thread.java:833)
]]>
            </full-stacktrace>
          </exception> <!-- java.lang.AssertionError -->
          <reporter-output>
          </reporter-output>
        </test-method> <!-- ST_TC_1 -->
        <test-method is-config="true" signature="tearDown()[pri:0, instance:testRunner.SlideTeam_Login_TC_1@5b247367]" started-at="2024-06-12T09:46:52 IST" name="tearDown" finished-at="2024-06-12T09:46:53 IST" duration-ms="314" status="PASS">
          <reporter-output>
          </reporter-output>
        </test-method> <!-- tearDown -->
      </class> <!-- testRunner.SlideTeam_Login_TC_1 -->
    </test> <!-- Test -->
  </suite> <!-- Suite -->
</testng-results>
